Log file open, 12/06/21 20:15:04
LogWindows: Failed to load 'aqProf.dll' (GetLastError=126)
LogWindows: File 'aqProf.dll' does not exist
LogWindows: Failed to load 'VtuneApi.dll' (GetLastError=126)
LogWindows: File 'VtuneApi.dll' does not exist
LogWindows: Failed to load 'VtuneApi32e.dll' (GetLastError=126)
LogWindows: File 'VtuneApi32e.dll' does not exist
LogConsoleResponse: Display: Failed to find resolution value strings in scalability ini. Falling back to default.
LogConsoleResponse: Display: Failed to find resolution value strings in scalability ini. Falling back to default.
LogPakFile: Display: Found Pak file ../../../FinalProject/Content/Paks/FinalProject-WindowsNoEditor.pak attempting to mount.
LogPakFile: Display: Mounting pak file ../../../FinalProject/Content/Paks/FinalProject-WindowsNoEditor.pak.
LogPakFile: PakFile PrimaryIndexSize=64438
LogPakFile: PakFile PathHashIndexSize=64992
LogPakFile: PakFile FullDirectoryIndexSize=134155
LogShaderLibrary: Display: ShaderCodeLibraryPakFileMountedCallback: PakFile '../../../FinalProject/Content/Paks/FinalProject-WindowsNoEditor.pak' (chunk index -1, root '../../../') mounted
LogShaderLibrary: Display: ShaderCodeLibraryPakFileMountedCallback: pending pak file info (ChunkID:-1 Root:../../../ File:../../../FinalProject/Content/Paks/FinalProject-WindowsNoEditor.pak)
LogPakFile: OnPakFileMounted2Time == 0.000045
LogPlatformFile: Not using cached read wrapper
LogTaskGraph: Started task graph with 5 named threads and 35 total threads with 3 sets of task threads.
LogStats: Stats thread started at 0.100743
LogICUInternationalization: ICU TimeZone Detection - Raw Offset: -6:00, Platform Override: ''
LogInit: Display: Loading text-based GConfig....
LogPluginManager: Mounting plugin MultiUserClient
LogPluginManager: Mounting plugin ConcertSyncClient
LogPluginManager: Mounting plugin ConcertSyncCore
LogPluginManager: Mounting plugin ConcertMain
LogPluginManager: Mounting plugin SQLiteCore
LogPluginManager: Mounting plugin MultiUserTakes
LogPluginManager: Mounting plugin Takes
LogPluginManager: Mounting plugin LevelSequenceEditor
LogPluginManager: Mounting plugin Paper2D
LogPluginManager: Mounting plugin AISupport
LogPluginManager: Mounting plugin EnvironmentQueryEditor
LogPluginManager: Mounting plugin LightPropagationVolume
LogPluginManager: Mounting plugin CameraShakePreviewer
LogPluginManager: Mounting plugin GameplayCameras
LogPluginManager: Mounting plugin TemplateSequence
LogPluginManager: Mounting plugin OodleData
LogPluginManager: Mounting plugin OodleNetwork
LogPluginManager: Mounting plugin AnimationSharing
LogPluginManager: Mounting plugin SignificanceManager
LogPluginManager: Mounting plugin PixWinPlugin
LogPluginManager: Mounting plugin PluginUtils
LogPluginManager: Mounting plugin PropertyAccessEditor
LogPluginManager: Mounting plugin UObjectPlugin
LogPluginManager: Mounting plugin AssetManagerEditor
LogPluginManager: Mounting plugin FacialAnimation
LogPluginManager: Mounting plugin GeometryMode
LogPluginManager: Mounting plugin SpeedTreeImporter
LogPluginManager: Mounting plugin DatasmithContent
LogPluginManager: Mounting plugin VariantManagerContent
LogPluginManager: Mounting plugin AlembicImporter
LogPluginManager: Mounting plugin GeometryCache
LogPluginManager: Mounting plugin AutomationUtils
LogPluginManager: Mounting plugin ScreenshotTools
LogPluginManager: Mounting plugin BackChannel
LogPluginManager: Mounting plugin ChaosClothEditor
LogPluginManager: Mounting plugin ChaosCloth
LogPluginManager: Mounting plugin ChaosEditor
LogPluginManager: Mounting plugin PlanarCut
LogPluginManager: Mounting plugin GeometryProcessing
LogPluginManager: Mounting plugin EditableMesh
LogPluginManager: Mounting plugin GeometryCollectionPlugin
LogPluginManager: Mounting plugin ProceduralMeshComponent
LogPluginManager: Mounting plugin ChaosSolverPlugin
LogPluginManager: Mounting plugin ChaosNiagara
LogPluginManager: Mounting plugin Niagara
LogPluginManager: Mounting plugin PythonScriptPlugin
LogPluginManager: Mounting plugin CharacterAI
LogPluginManager: Mounting plugin MotoSynth
LogPluginManager: Mounting plugin OpenImageDenoise
LogPluginManager: Mounting plugin PlatformCrypto
LogPluginManager: Mounting plugin MagicLeapPassableWorld
LogPluginManager: Mounting plugin MagicLeap
LogPluginManager: Mounting plugin MLSDK
LogPluginManager: Mounting plugin MagicLeapLightEstimation
LogPluginManager: Mounting plugin AvfMedia
LogPluginManager: Mounting plugin ImgMedia
LogPluginManager: Mounting plugin MediaCompositing
LogPluginManager: Mounting plugin WmfMedia
LogPluginManager: Mounting plugin MeshPainting
LogPluginManager: Mounting plugin TcpMessaging
LogPluginManager: Mounting plugin UdpMessaging
LogPluginManager: Mounting plugin ActorSequence
LogPluginManager: Mounting plugin MatineeToLevelSequence
LogPluginManager: Mounting plugin OnlineSubsystemNull
LogPluginManager: Mounting plugin OnlineSubsystem
LogPluginManager: Mounting plugin OnlineSubsystemUtils
LogPluginManager: Mounting plugin LauncherChunkInstaller
LogPluginManager: Mounting plugin ActorLayerUtilities
LogPluginManager: Mounting plugin AndroidPermission
LogPluginManager: Mounting plugin AppleImageUtils
LogPluginManager: Mounting plugin ArchVisCharacter
LogPluginManager: Mounting plugin AssetTags
LogPluginManager: Mounting plugin AudioCapture
LogPluginManager: Mounting plugin CableComponent
LogPluginManager: Mounting plugin ChunkDownloader
LogPluginManager: Mounting plugin CustomMeshComponent
LogPluginManager: Mounting plugin ExampleDeviceProfileSelector
LogPluginManager: Mounting plugin GooglePAD
LogPluginManager: Mounting plugin LocationServicesBPLibrary
LogPluginManager: Mounting plugin MobilePatchingUtils
LogPluginManager: Mounting plugin OculusVR
LogPluginManager: Mounting plugin OpenXREyeTracker
LogPluginManager: Mounting plugin OpenXR
LogPluginManager: Mounting plugin OpenXRHandTracking
LogPluginManager: Mounting plugin LiveLink
LogPluginManager: Mounting plugin PhysXVehicles
LogPluginManager: Mounting plugin RuntimePhysXCooking
LogPluginManager: Mounting plugin SoundFields
LogPluginManager: Mounting plugin SteamVR
LogPluginManager: Mounting plugin Synthesis
LogPluginManager: Mounting plugin AudioSynesthesia
LogPluginManager: Mounting plugin WebMMoviePlayer
LogPluginManager: Mounting plugin WebMMedia
LogPluginManager: Mounting plugin WindowsMoviePlayer
PixWinPlugin: PIX capture plugin failed to initialize! Check that the process is launched from PIX.
LogLuminAPIImpl: Warning: MLSDK not found.  This likely means the MLSDK environment variable is not set.
LogInit: Using libcurl 7.55.1-DEV
LogInit:  - built for x86_64-pc-win32
LogInit:  - supports SSL with OpenSSL/1.1.1
LogInit:  - supports HTTP deflate (compression) using libz 1.2.8
LogInit:  - other features:
LogInit:      CURL_VERSION_SSL
LogInit:      CURL_VERSION_LIBZ
LogInit:      CURL_VERSION_IPV6
LogInit:      CURL_VERSION_ASYNCHDNS
LogInit:      CURL_VERSION_LARGEFILE
LogInit:      CURL_VERSION_IDN
LogInit:  CurlRequestOptions (configurable via config and command line):
LogInit:  - bVerifyPeer = true  - Libcurl will verify peer certificate
LogInit:  - bUseHttpProxy = false  - Libcurl will NOT use HTTP proxy
LogInit:  - bDontReuseConnections = false  - Libcurl will reuse connections
LogInit:  - MaxHostConnections = 16  - Libcurl will limit the number of connections to a host
LogInit:  - LocalHostAddr = Default
LogInit:  - BufferSize = 65536
LogOnline: OSS: Creating online subsystem instance for: NULL
LogInit: WinSock: version 1.1 (2.2), MaxSocks=32767, MaxUdp=65467
LogOnline: OSS: TryLoadSubsystemAndSetDefault: Loaded subsystem for module [NULL]
LogOculusPluginWrapper: OculusPlugin initialized successfully
LogHMD: Failed initializing OVRPlugin 1.59.0
LogInit: Build: ++UE4+Release-4.27-CL-17735300
LogInit: Engine Version: 4.27.1-17735300+++UE4+Release-4.27
LogInit: Compatible Engine Version: 4.27.0-17155196+++UE4+Release-4.27
LogInit: Net CL: 17155196
LogInit: OS: Windows 10 (Release 2009) (), CPU: Intel(R) Core(TM) i7-8750H CPU @ 2.20GHz, GPU: Intel(R) UHD Graphics 630
LogInit: Compiled (64-bit): Oct  6 2021 14:55:41
LogInit: Compiled with Visual C++: 19.16.27032.01
LogInit: Build Configuration: Development
LogInit: Branch Name: ++UE4+Release-4.27
LogInit: Command Line: 
LogInit: Base Directory: C:/SoccerGame/finalgametechproject/WindowsNoEditor/FinalProject/Binaries/Win64/
LogInit: Allocator: binned2
LogInit: Installed Engine Build: 0
LogDevObjectVersion: Number of dev versions registered: 29
LogDevObjectVersion:   Dev-Blueprints (B0D832E4-1F89-4F0D-ACCF-7EB736FD4AA2): 10
LogDevObjectVersion:   Dev-Build (E1C64328-A22C-4D53-A36C-8E866417BD8C): 0
LogDevObjectVersion:   Dev-Core (375EC13C-06E4-48FB-B500-84F0262A717E): 4
LogDevObjectVersion:   Dev-Editor (E4B068ED-F494-42E9-A231-DA0B2E46BB41): 40
LogDevObjectVersion:   Dev-Framework (CFFC743F-43B0-4480-9391-14DF171D2073): 37
LogDevObjectVersion:   Dev-Mobile (B02B49B5-BB20-44E9-A304-32B752E40360): 3
LogDevObjectVersion:   Dev-Networking (A4E4105C-59A1-49B5-A7C5-40C4547EDFEE): 0
LogDevObjectVersion:   Dev-Online (39C831C9-5AE6-47DC-9A44-9C173E1C8E7C): 0
LogDevObjectVersion:   Dev-Physics (78F01B33-EBEA-4F98-B9B4-84EACCB95AA2): 14
LogDevObjectVersion:   Dev-Platform (6631380F-2D4D-43E0-8009-CF276956A95A): 0
LogDevObjectVersion:   Dev-Rendering (12F88B9F-8875-4AFC-A67C-D90C383ABD29): 45
LogDevObjectVersion:   Dev-Sequencer (7B5AE74C-D270-4C10-A958-57980B212A5A): 13
LogDevObjectVersion:   Dev-VR (D7296918-1DD6-4BDD-9DE2-64A83CC13884): 3
LogDevObjectVersion:   Dev-LoadTimes (C2A15278-BFE7-4AFE-6C17-90FF531DF755): 1
LogDevObjectVersion:   Private-Geometry (6EACA3D4-40EC-4CC1-B786-8BED09428FC5): 3
LogDevObjectVersion:   Dev-AnimPhys (29E575DD-E0A3-4627-9D10-D276232CDCEA): 17
LogDevObjectVersion:   Dev-Anim (AF43A65D-7FD3-4947-9873-3E8ED9C1BB05): 15
LogDevObjectVersion:   Dev-ReflectionCapture (6B266CEC-1EC7-4B8F-A30B-E4D90942FC07): 1
LogDevObjectVersion:   Dev-Automation (0DF73D61-A23F-47EA-B727-89E90C41499A): 1
LogDevObjectVersion:   FortniteMain (601D1886-AC64-4F84-AA16-D3DE0DEAC7D6): 47
LogDevObjectVersion:   FortniteRelease (E7086368-6B23-4C58-8439-1B7016265E91): 1
LogDevObjectVersion:   Dev-Enterprise (9DFFBCD6-494F-0158-E221-12823C92A888): 10
LogDevObjectVersion:   Dev-Niagara (F2AED0AC-9AFE-416F-8664-AA7FFA26D6FC): 1
LogDevObjectVersion:   Dev-Destruction (174F1F0B-B4C6-45A5-B13F-2EE8D0FB917D): 10
LogDevObjectVersion:   Dev-Physics-Ext (35F94A83-E258-406C-A318-09F59610247C): 41
LogDevObjectVersion:   Dev-PhysicsMaterial-Chaos (B68FC16E-8B1B-42E2-B453-215C058844FE): 1
LogDevObjectVersion:   Dev-CineCamera (B2E18506-4273-CFC2-A54E-F4BB758BBA07): 1
LogDevObjectVersion:   Dev-VirtualProduction (64F58936-FD1B-42BA-BA96-7289D5D0FA4E): 1
LogDevObjectVersion:   Dev-MediaFramework (6F0ED827-A609-4895-9C91-998D90180EA4): 2
LogInit: Presizing for max 2097152 objects, including 1 objects not considered by GC, pre-allocating 0 bytes for permanent pool.
LogConfig: Applying CVar settings from Section [/Script/Engine.StreamingSettings] File [../../../FinalProject/Saved/Config/WindowsNoEditor/Engine.ini]
LogConfig: Setting CVar [[s.MinBulkDataSizeForAsyncLoading:131072]]
LogConfig: Setting CVar [[s.AsyncLoadingThreadEnabled:0]]
LogConfig: Setting CVar [[s.EventDrivenLoaderEnabled:1]]
LogConfig: Setting CVar [[s.WarnIfTimeLimitExceeded:0]]
LogConfig: Setting CVar [[s.TimeLimitExceededMultiplier:1.5]]
LogConfig: Setting CVar [[s.TimeLimitExceededMinTime:0.005]]
LogConfig: Setting CVar [[s.UseBackgroundLevelStreaming:1]]
LogConfig: Setting CVar [[s.PriorityAsyncLoadingExtraTime:15.0]]
LogConfig: Setting CVar [[s.LevelStreamingActorsUpdateTimeLimit:5.0]]
LogConfig: Setting CVar [[s.PriorityLevelStreamingActorsUpdateExtraTime:5.0]]
LogConfig: Setting CVar [[s.LevelStreamingComponentsRegistrationGranularity:10]]
LogConfig: Setting CVar [[s.UnregisterComponentsTimeLimit:1.0]]
LogConfig: Setting CVar [[s.LevelStreamingComponentsUnregistrationGranularity:5]]
LogConfig: Setting CVar [[s.FlushStreamingOnExit:1]]
LogStreaming: Display: Async Loading initialized: Event Driven Loader: true, Async Loading Thread: false, Async Post Load: true
LogInit: Object subsystem initialized
LogConfig: Setting CVar [[con.DebugEarlyDefault:1]]
LogConfig: Setting CVar [[r.setres:1280x720]]
LogConfig: Setting CVar [[fx.NiagaraAllowRuntimeScalabilityChanges:1]]
[2021.12.07-02.15.06:398][  0]LogConfig: Setting CVar [[con.DebugEarlyDefault:1]]
[2021.12.07-02.15.06:398][  0]LogConfig: Setting CVar [[r.setres:1280x720]]
[2021.12.07-02.15.06:398][  0]LogConfig: Setting CVar [[fx.NiagaraAllowRuntimeScalabilityChanges:1]]
[2021.12.07-02.15.06:398][  0]LogConfig: Applying CVar settings from Section [/Script/Engine.RendererSettings] File [../../../FinalProject/Saved/Config/WindowsNoEditor/Engine.ini]
[2021.12.07-02.15.06:398][  0]LogConfig: Setting CVar [[r.GPUCrashDebugging:0]]
[2021.12.07-02.15.06:398][  0]LogConfig: Applying CVar settings from Section [/Script/Engine.RendererOverrideSettings] File [../../../FinalProject/Saved/Config/WindowsNoEditor/Engine.ini]
[2021.12.07-02.15.06:398][  0]LogConfig: Applying CVar settings from Section [/Script/Engine.StreamingSettings] File [../../../FinalProject/Saved/Config/WindowsNoEditor/Engine.ini]
[2021.12.07-02.15.06:398][  0]LogConfig: Setting CVar [[s.MinBulkDataSizeForAsyncLoading:131072]]
[2021.12.07-02.15.06:398][  0]LogConfig: Setting CVar [[s.AsyncLoadingThreadEnabled:0]]
[2021.12.07-02.15.06:398][  0]LogConfig: Setting CVar [[s.EventDrivenLoaderEnabled:1]]
[2021.12.07-02.15.06:398][  0]LogConfig: Setting CVar [[s.WarnIfTimeLimitExceeded:0]]
[2021.12.07-02.15.06:398][  0]LogConfig: Setting CVar [[s.TimeLimitExceededMultiplier:1.5]]
[2021.12.07-02.15.06:398][  0]LogConfig: Setting CVar [[s.TimeLimitExceededMinTime:0.005]]
[2021.12.07-02.15.06:398][  0]LogConfig: Setting CVar [[s.UseBackgroundLevelStreaming:1]]
[2021.12.07-02.15.06:398][  0]LogConfig: Setting CVar [[s.PriorityAsyncLoadingExtraTime:15.0]]
[2021.12.07-02.15.06:398][  0]LogConfig: Setting CVar [[s.LevelStreamingActorsUpdateTimeLimit:5.0]]
[2021.12.07-02.15.06:398][  0]LogConfig: Setting CVar [[s.PriorityLevelStreamingActorsUpdateExtraTime:5.0]]
[2021.12.07-02.15.06:398][  0]LogConfig: Setting CVar [[s.LevelStreamingComponentsRegistrationGranularity:10]]
[2021.12.07-02.15.06:398][  0]LogConfig: Setting CVar [[s.UnregisterComponentsTimeLimit:1.0]]
[2021.12.07-02.15.06:398][  0]LogConfig: Setting CVar [[s.LevelStreamingComponentsUnregistrationGranularity:5]]
[2021.12.07-02.15.06:398][  0]LogConfig: Setting CVar [[s.FlushStreamingOnExit:1]]
[2021.12.07-02.15.06:398][  0]LogConfig: Applying CVar settings from Section [/Script/Engine.GarbageCollectionSettings] File [../../../FinalProject/Saved/Config/WindowsNoEditor/Engine.ini]
[2021.12.07-02.15.06:398][  0]LogConfig: Setting CVar [[gc.MaxObjectsNotConsideredByGC:1]]
[2021.12.07-02.15.06:398][  0]LogConfig: Setting CVar [[gc.SizeOfPermanentObjectPool:0]]
[2021.12.07-02.15.06:398][  0]LogConfig: Setting CVar [[gc.FlushStreamingOnGC:0]]
[2021.12.07-02.15.06:398][  0]LogConfig: Setting CVar [[gc.NumRetriesBeforeForcingGC:10]]
[2021.12.07-02.15.06:398][  0]LogConfig: Setting CVar [[gc.AllowParallelGC:1]]
[2021.12.07-02.15.06:398][  0]LogConfig: Setting CVar [[gc.TimeBetweenPurgingPendingKillObjects:61.1]]
[2021.12.07-02.15.06:398][  0]LogConfig: Setting CVar [[gc.MaxObjectsInEditor:25165824]]
[2021.12.07-02.15.06:398][  0]LogConfig: Setting CVar [[gc.IncrementalBeginDestroyEnabled:1]]
[2021.12.07-02.15.06:398][  0]LogConfig: Setting CVar [[gc.CreateGCClusters:1]]
[2021.12.07-02.15.06:398][  0]LogConfig: Setting CVar [[gc.MinGCClusterSize:5]]
[2021.12.07-02.15.06:398][  0]LogConfig: Setting CVar [[gc.ActorClusteringEnabled:0]]
[2021.12.07-02.15.06:398][  0]LogConfig: Setting CVar [[gc.BlueprintClusteringEnabled:0]]
[2021.12.07-02.15.06:398][  0]LogConfig: Setting CVar [[gc.UseDisregardForGCOnDedicatedServers:0]]
[2021.12.07-02.15.06:398][  0]LogConfig: Setting CVar [[gc.MultithreadedDestructionEnabled:1]]
[2021.12.07-02.15.06:398][  0]LogConfig: Applying CVar settings from Section [/Script/Engine.NetworkSettings] File [../../../FinalProject/Saved/Config/WindowsNoEditor/Engine.ini]
[2021.12.07-02.15.06:417][  0]LogConfig: Applying CVar settings from Section [ViewDistanceQuality@3] File [../../../FinalProject/Saved/Config/WindowsNoEditor/Scalability.ini]
[2021.12.07-02.15.06:417][  0]LogConfig: Setting CVar [[r.SkeletalMeshLODBias:0]]
[2021.12.07-02.15.06:417][  0]LogConfig: Setting CVar [[r.ViewDistanceScale:1.0]]
[2021.12.07-02.15.06:417][  0]LogConfig: Applying CVar settings from Section [AntiAliasingQuality@3] File [../../../FinalProject/Saved/Config/WindowsNoEditor/Scalability.ini]
[2021.12.07-02.15.06:417][  0]LogConfig: Setting CVar [[r.PostProcessAAQuality:4]]
[2021.12.07-02.15.06:417][  0]LogConfig: Applying CVar settings from Section [ShadowQuality@3] File [../../../FinalProject/Saved/Config/WindowsNoEditor/Scalability.ini]
[2021.12.07-02.15.06:417][  0]LogConfig: Setting CVar [[r.LightFunctionQuality:1]]
[2021.12.07-02.15.06:417][  0]LogConfig: Setting CVar [[r.ShadowQuality:5]]
[2021.12.07-02.15.06:417][  0]LogConfig: Setting CVar [[r.Shadow.CSM.MaxCascades:10]]
[2021.12.07-02.15.06:417][  0]LogConfig: Setting CVar [[r.Shadow.MaxResolution:2048]]
[2021.12.07-02.15.06:417][  0]LogConfig: Setting CVar [[r.Shadow.MaxCSMResolution:2048]]
[2021.12.07-02.15.06:417][  0]LogConfig: Setting CVar [[r.Shadow.RadiusThreshold:0.01]]
[2021.12.07-02.15.06:417][  0]LogConfig: Setting CVar [[r.Shadow.DistanceScale:1.0]]
[2021.12.07-02.15.06:417][  0]LogConfig: Setting CVar [[r.Shadow.CSM.TransitionScale:1.0]]
[2021.12.07-02.15.06:417][  0]LogConfig: Setting CVar [[r.Shadow.PreShadowResolutionFactor:1.0]]
[2021.12.07-02.15.06:417][  0]LogConfig: Setting CVar [[r.DistanceFieldShadowing:1]]
[2021.12.07-02.15.06:417][  0]LogConfig: Setting CVar [[r.DistanceFieldAO:1]]
[2021.12.07-02.15.06:417][  0]LogConfig: Setting CVar [[r.AOQuality:2]]
[2021.12.07-02.15.06:417][  0]LogConfig: Setting CVar [[r.VolumetricFog:1]]
[2021.12.07-02.15.06:417][  0]LogConfig: Setting CVar [[r.VolumetricFog.GridPixelSize:8]]
[2021.12.07-02.15.06:417][  0]LogConfig: Setting CVar [[r.VolumetricFog.GridSizeZ:128]]
[2021.12.07-02.15.06:417][  0]LogConfig: Setting CVar [[r.VolumetricFog.HistoryMissSupersampleCount:4]]
[2021.12.07-02.15.06:417][  0]LogConfig: Setting CVar [[r.LightMaxDrawDistanceScale:1]]
[2021.12.07-02.15.06:417][  0]LogConfig: Setting CVar [[r.CapsuleShadows:1]]
[2021.12.07-02.15.06:417][  0]LogConfig: Applying CVar settings from Section [PostProcessQuality@3] File [../../../FinalProject/Saved/Config/WindowsNoEditor/Scalability.ini]
[2021.12.07-02.15.06:417][  0]LogConfig: Setting CVar [[r.MotionBlurQuality:4]]
[2021.12.07-02.15.06:417][  0]LogConfig: Setting CVar [[r.AmbientOcclusionMipLevelFactor:0.4]]
[2021.12.07-02.15.06:417][  0]LogConfig: Setting CVar [[r.AmbientOcclusionMaxQuality:100]]
[2021.12.07-02.15.06:417][  0]LogConfig: Setting CVar [[r.AmbientOcclusionLevels:-1]]
[2021.12.07-02.15.06:417][  0]LogConfig: Setting CVar [[r.AmbientOcclusionRadiusScale:1.0]]
[2021.12.07-02.15.06:417][  0]LogConfig: Setting CVar [[r.DepthOfFieldQuality:2]]
[2021.12.07-02.15.06:417][  0]LogConfig: Setting CVar [[r.RenderTargetPoolMin:400]]
[2021.12.07-02.15.06:417][  0]LogConfig: Setting CVar [[r.LensFlareQuality:2]]
[2021.12.07-02.15.06:417][  0]LogConfig: Setting CVar [[r.SceneColorFringeQuality:1]]
[2021.12.07-02.15.06:417][  0]LogConfig: Setting CVar [[r.EyeAdaptationQuality:2]]
[2021.12.07-02.15.06:417][  0]LogConfig: Setting CVar [[r.BloomQuality:5]]
[2021.12.07-02.15.06:417][  0]LogConfig: Setting CVar [[r.FastBlurThreshold:100]]
[2021.12.07-02.15.06:417][  0]LogConfig: Setting CVar [[r.Upscale.Quality:3]]
[2021.12.07-02.15.06:417][  0]LogConfig: Setting CVar [[r.Tonemapper.GrainQuantization:1]]
[2021.12.07-02.15.06:418][  0]LogConfig: Setting CVar [[r.LightShaftQuality:1]]
[2021.12.07-02.15.06:418][  0]LogConfig: Setting CVar [[r.Filter.SizeScale:1]]
[2021.12.07-02.15.06:418][  0]LogConfig: Setting CVar [[r.Tonemapper.Quality:5]]
[2021.12.07-02.15.06:418][  0]LogConfig: Setting CVar [[r.DOF.Gather.AccumulatorQuality:1        ; higher gathering accumulator quality]]
[2021.12.07-02.15.06:418][  0]LogConfig: Setting CVar [[r.DOF.Gather.PostfilterMethod:1          ; Median3x3 postfilering method]]
[2021.12.07-02.15.06:418][  0]LogConfig: Setting CVar [[r.DOF.Gather.EnableBokehSettings:0       ; no bokeh simulation when gathering]]
[2021.12.07-02.15.06:418][  0]LogConfig: Setting CVar [[r.DOF.Gather.RingCount:4                 ; medium number of samples when gathering]]
[2021.12.07-02.15.06:418][  0]LogConfig: Setting CVar [[r.DOF.Scatter.ForegroundCompositing:1    ; additive foreground scattering]]
[2021.12.07-02.15.06:418][  0]LogConfig: Setting CVar [[r.DOF.Scatter.BackgroundCompositing:2    ; additive background scattering]]
[2021.12.07-02.15.06:418][  0]LogConfig: Setting CVar [[r.DOF.Scatter.EnableBokehSettings:1      ; bokeh simulation when scattering]]
[2021.12.07-02.15.06:418][  0]LogConfig: Setting CVar [[r.DOF.Scatter.MaxSpriteRatio:0.1         ; only a maximum of 10% of scattered bokeh]]
[2021.12.07-02.15.06:418][  0]LogConfig: Setting CVar [[r.DOF.Recombine.Quality:1                ; cheap slight out of focus]]
[2021.12.07-02.15.06:418][  0]LogConfig: Setting CVar [[r.DOF.Recombine.EnableBokehSettings:0    ; no bokeh simulation on slight out of focus]]
[2021.12.07-02.15.06:418][  0]LogConfig: Setting CVar [[r.DOF.TemporalAAQuality:1                ; more stable temporal accumulation]]
[2021.12.07-02.15.06:418][  0]LogConfig: Setting CVar [[r.DOF.Kernel.MaxForegroundRadius:0.025]]
[2021.12.07-02.15.06:418][  0]LogConfig: Setting CVar [[r.DOF.Kernel.MaxBackgroundRadius:0.025]]
[2021.12.07-02.15.06:418][  0]LogConfig: Applying CVar settings from Section [TextureQuality@3] File [../../../FinalProject/Saved/Config/WindowsNoEditor/Scalability.ini]
[2021.12.07-02.15.06:418][  0]LogConfig: Setting CVar [[r.Streaming.MipBias:0]]
[2021.12.07-02.15.06:418][  0]LogConfig: Setting CVar [[r.Streaming.AmortizeCPUToGPUCopy:0]]
[2021.12.07-02.15.06:418][  0]LogConfig: Setting CVar [[r.Streaming.MaxNumTexturesToStreamPerFrame:0]]
[2021.12.07-02.15.06:418][  0]LogConfig: Setting CVar [[r.Streaming.Boost:1]]
[2021.12.07-02.15.06:418][  0]LogConfig: Setting CVar [[r.MaxAnisotropy:8]]
[2021.12.07-02.15.06:418][  0]LogConfig: Setting CVar [[r.VT.MaxAnisotropy:8]]
[2021.12.07-02.15.06:418][  0]LogConfig: Setting CVar [[r.Streaming.LimitPoolSizeToVRAM:0]]
[2021.12.07-02.15.06:418][  0]LogConfig: Setting CVar [[r.Streaming.PoolSize:1000]]
[2021.12.07-02.15.06:418][  0]LogConfig: Setting CVar [[r.Streaming.MaxEffectiveScreenSize:0]]
[2021.12.07-02.15.06:418][  0]LogConfig: Applying CVar settings from Section [EffectsQuality@3] File [../../../FinalProject/Saved/Config/WindowsNoEditor/Scalability.ini]
[2021.12.07-02.15.06:418][  0]LogConfig: Setting CVar [[r.TranslucencyLightingVolumeDim:64]]
[2021.12.07-02.15.06:418][  0]LogConfig: Setting CVar [[r.RefractionQuality:2]]
[2021.12.07-02.15.06:418][  0]LogConfig: Setting CVar [[r.SSR.Quality:3]]
[2021.12.07-02.15.06:418][  0]LogConfig: Setting CVar [[r.SSR.HalfResSceneColor:0]]
[2021.12.07-02.15.06:418][  0]LogConfig: Setting CVar [[r.SceneColorFormat:4]]
[2021.12.07-02.15.06:418][  0]LogConfig: Setting CVar [[r.DetailMode:2]]
[2021.12.07-02.15.06:418][  0]LogConfig: Setting CVar [[r.TranslucencyVolumeBlur:1]]
[2021.12.07-02.15.06:418][  0]LogConfig: Setting CVar [[r.MaterialQualityLevel:1 ; High quality]]
[2021.12.07-02.15.06:418][  0]LogConfig: Setting CVar [[r.AnisotropicMaterials:1]]
[2021.12.07-02.15.06:418][  0]LogConfig: Setting CVar [[r.SSS.Scale:1]]
[2021.12.07-02.15.06:418][  0]LogConfig: Setting CVar [[r.SSS.SampleSet:2]]
[2021.12.07-02.15.06:418][  0]LogConfig: Setting CVar [[r.SSS.Quality:1]]
[2021.12.07-02.15.06:418][  0]LogConfig: Setting CVar [[r.SSS.HalfRes:0]]
[2021.12.07-02.15.06:418][  0]LogConfig: Setting CVar [[r.SSGI.Quality:3]]
[2021.12.07-02.15.06:418][  0]LogConfig: Setting CVar [[r.EmitterSpawnRateScale:1.0]]
[2021.12.07-02.15.06:418][  0]LogConfig: Setting CVar [[r.ParticleLightQuality:2]]
[2021.12.07-02.15.06:418][  0]LogConfig: Setting CVar [[r.SkyAtmosphere.AerialPerspectiveLUT.FastApplyOnOpaque:1 ; Always have FastSkyLUT 1 in this case to avoid wrong sky]]
[2021.12.07-02.15.06:418][  0]LogConfig: Setting CVar [[r.SkyAtmosphere.AerialPerspectiveLUT.SampleCountMaxPerSlice:4]]
[2021.12.07-02.15.06:418][  0]LogConfig: Setting CVar [[r.SkyAtmosphere.AerialPerspectiveLUT.DepthResolution:16.0]]
[2021.12.07-02.15.06:418][  0]LogConfig: Setting CVar [[r.SkyAtmosphere.FastSkyLUT:1]]
[2021.12.07-02.15.06:418][  0]LogConfig: Setting CVar [[r.SkyAtmosphere.FastSkyLUT.SampleCountMin:4.0]]
[2021.12.07-02.15.06:418][  0]LogConfig: Setting CVar [[r.SkyAtmosphere.FastSkyLUT.SampleCountMax:128.0]]
[2021.12.07-02.15.06:418][  0]LogConfig: Setting CVar [[r.SkyAtmosphere.SampleCountMin:4.0]]
[2021.12.07-02.15.06:418][  0]LogConfig: Setting CVar [[r.SkyAtmosphere.SampleCountMax:128.0]]
[2021.12.07-02.15.06:418][  0]LogConfig: Setting CVar [[r.SkyAtmosphere.TransmittanceLUT.UseSmallFormat:0]]
[2021.12.07-02.15.06:418][  0]LogConfig: Setting CVar [[r.SkyAtmosphere.TransmittanceLUT.SampleCount:10.0]]
[2021.12.07-02.15.06:418][  0]LogConfig: Setting CVar [[r.SkyAtmosphere.MultiScatteringLUT.SampleCount:15.0]]
[2021.12.07-02.15.06:418][  0]LogConfig: Setting CVar [[r.SkyLight.RealTimeReflectionCapture:1]]
[2021.12.07-02.15.06:418][  0]LogConfig: Setting CVar [[fx.Niagara.QualityLevel:3]]
[2021.12.07-02.15.06:418][  0]LogConfig: Applying CVar settings from Section [FoliageQuality@3] File [../../../FinalProject/Saved/Config/WindowsNoEditor/Scalability.ini]
[2021.12.07-02.15.06:418][  0]LogConfig: Setting CVar [[foliage.DensityScale:1.0]]
[2021.12.07-02.15.06:418][  0]LogConfig: Setting CVar [[grass.DensityScale:1.0]]
[2021.12.07-02.15.06:418][  0]LogConfig: Applying CVar settings from Section [ShadingQuality@3] File [../../../FinalProject/Saved/Config/WindowsNoEditor/Scalability.ini]
[2021.12.07-02.15.06:418][  0]LogConfig: Setting CVar [[r.HairStrands.SkyLighting.IntegrationType:2]]
[2021.12.07-02.15.06:418][  0]LogConfig: Setting CVar [[r.HairStrands.SkyAO.SampleCount:4]]
[2021.12.07-02.15.06:418][  0]LogConfig: Setting CVar [[r.HairStrands.Visibility.MSAA.SamplePerPixel:4]]
[2021.12.07-02.15.06:419][  0]LogInit: Selected Device Profile: [WindowsNoEditor]
[2021.12.07-02.15.06:419][  0]LogInit: Applying CVar settings loaded from the selected device profile: [WindowsNoEditor]
[2021.12.07-02.15.06:419][  0]LogHAL: Display: Platform has ~ 16 GB [17075118080 / 17179869184 / 16], which maps to Larger [LargestMinGB=32, LargerMinGB=12, DefaultMinGB=8, SmallerMinGB=6, SmallestMinGB=0)
[2021.12.07-02.15.06:419][  0]LogInit: Going up to parent DeviceProfile [Windows]
[2021.12.07-02.15.06:419][  0]LogInit: Going up to parent DeviceProfile []
[2021.12.07-02.15.06:419][  0]LogConfig: Applying CVar settings from Section [ViewDistanceQuality@3] File [../../../FinalProject/Saved/Config/WindowsNoEditor/Scalability.ini]
[2021.12.07-02.15.06:419][  0]LogConfig: Setting CVar [[r.SkeletalMeshLODBias:0]]
[2021.12.07-02.15.06:419][  0]LogConfig: Setting CVar [[r.ViewDistanceScale:1.0]]
[2021.12.07-02.15.06:419][  0]LogConfig: Applying CVar settings from Section [AntiAliasingQuality@3] File [../../../FinalProject/Saved/Config/WindowsNoEditor/Scalability.ini]
[2021.12.07-02.15.06:419][  0]LogConfig: Setting CVar [[r.PostProcessAAQuality:4]]
[2021.12.07-02.15.06:419][  0]LogConfig: Applying CVar settings from Section [ShadowQuality@3] File [../../../FinalProject/Saved/Config/WindowsNoEditor/Scalability.ini]
[2021.12.07-02.15.06:419][  0]LogConfig: Setting CVar [[r.LightFunctionQuality:1]]
[2021.12.07-02.15.06:419][  0]LogConfig: Setting CVar [[r.ShadowQuality:5]]
[2021.12.07-02.15.06:419][  0]LogConfig: Setting CVar [[r.Shadow.CSM.MaxCascades:10]]
[2021.12.07-02.15.06:419][  0]LogConfig: Setting CVar [[r.Shadow.MaxResolution:2048]]
[2021.12.07-02.15.06:419][  0]LogConfig: Setting CVar [[r.Shadow.MaxCSMResolution:2048]]
[2021.12.07-02.15.06:419][  0]LogConfig: Setting CVar [[r.Shadow.RadiusThreshold:0.01]]
[2021.12.07-02.15.06:419][  0]LogConfig: Setting CVar [[r.Shadow.DistanceScale:1.0]]
[2021.12.07-02.15.06:419][  0]LogConfig: Setting CVar [[r.Shadow.CSM.TransitionScale:1.0]]
[2021.12.07-02.15.06:419][  0]LogConfig: Setting CVar [[r.Shadow.PreShadowResolutionFactor:1.0]]
[2021.12.07-02.15.06:419][  0]LogConfig: Setting CVar [[r.DistanceFieldShadowing:1]]
[2021.12.07-02.15.06:419][  0]LogConfig: Setting CVar [[r.DistanceFieldAO:1]]
[2021.12.07-02.15.06:419][  0]LogConfig: Setting CVar [[r.AOQuality:2]]
[2021.12.07-02.15.06:419][  0]LogConfig: Setting CVar [[r.VolumetricFog:1]]
[2021.12.07-02.15.06:419][  0]LogConfig: Setting CVar [[r.VolumetricFog.GridPixelSize:8]]
[2021.12.07-02.15.06:419][  0]LogConfig: Setting CVar [[r.VolumetricFog.GridSizeZ:128]]
[2021.12.07-02.15.06:419][  0]LogConfig: Setting CVar [[r.VolumetricFog.HistoryMissSupersampleCount:4]]
[2021.12.07-02.15.06:419][  0]LogConfig: Setting CVar [[r.LightMaxDrawDistanceScale:1]]
[2021.12.07-02.15.06:419][  0]LogConfig: Setting CVar [[r.CapsuleShadows:1]]
[2021.12.07-02.15.06:419][  0]LogConfig: Applying CVar settings from Section [PostProcessQuality@3] File [../../../FinalProject/Saved/Config/WindowsNoEditor/Scalability.ini]
[2021.12.07-02.15.06:419][  0]LogConfig: Setting CVar [[r.MotionBlurQuality:4]]
[2021.12.07-02.15.06:419][  0]LogConfig: Setting CVar [[r.AmbientOcclusionMipLevelFactor:0.4]]
[2021.12.07-02.15.06:419][  0]LogConfig: Setting CVar [[r.AmbientOcclusionMaxQuality:100]]
[2021.12.07-02.15.06:419][  0]LogConfig: Setting CVar [[r.AmbientOcclusionLevels:-1]]
[2021.12.07-02.15.06:419][  0]LogConfig: Setting CVar [[r.AmbientOcclusionRadiusScale:1.0]]
[2021.12.07-02.15.06:419][  0]LogConfig: Setting CVar [[r.DepthOfFieldQuality:2]]
[2021.12.07-02.15.06:419][  0]LogConfig: Setting CVar [[r.RenderTargetPoolMin:400]]
[2021.12.07-02.15.06:419][  0]LogConfig: Setting CVar [[r.LensFlareQuality:2]]
[2021.12.07-02.15.06:419][  0]LogConfig: Setting CVar [[r.SceneColorFringeQuality:1]]
[2021.12.07-02.15.06:419][  0]LogConfig: Setting CVar [[r.EyeAdaptationQuality:2]]
[2021.12.07-02.15.06:419][  0]LogConfig: Setting CVar [[r.BloomQuality:5]]
[2021.12.07-02.15.06:419][  0]LogConfig: Setting CVar [[r.FastBlurThreshold:100]]
[2021.12.07-02.15.06:419][  0]LogConfig: Setting CVar [[r.Upscale.Quality:3]]
[2021.12.07-02.15.06:419][  0]LogConfig: Setting CVar [[r.Tonemapper.GrainQuantization:1]]
[2021.12.07-02.15.06:419][  0]LogConfig: Setting CVar [[r.LightShaftQuality:1]]
[2021.12.07-02.15.06:419][  0]LogConfig: Setting CVar [[r.Filter.SizeScale:1]]
[2021.12.07-02.15.06:419][  0]LogConfig: Setting CVar [[r.Tonemapper.Quality:5]]
[2021.12.07-02.15.06:419][  0]LogConfig: Setting CVar [[r.DOF.Gather.AccumulatorQuality:1        ; higher gathering accumulator quality]]
[2021.12.07-02.15.06:419][  0]LogConfig: Setting CVar [[r.DOF.Gather.PostfilterMethod:1          ; Median3x3 postfilering method]]
[2021.12.07-02.15.06:419][  0]LogConfig: Setting CVar [[r.DOF.Gather.EnableBokehSettings:0       ; no bokeh simulation when gathering]]
[2021.12.07-02.15.06:419][  0]LogConfig: Setting CVar [[r.DOF.Gather.RingCount:4                 ; medium number of samples when gathering]]
[2021.12.07-02.15.06:419][  0]LogConfig: Setting CVar [[r.DOF.Scatter.ForegroundCompositing:1    ; additive foreground scattering]]
[2021.12.07-02.15.06:419][  0]LogConfig: Setting CVar [[r.DOF.Scatter.BackgroundCompositing:2    ; additive background scattering]]
[2021.12.07-02.15.06:419][  0]LogConfig: Setting CVar [[r.DOF.Scatter.EnableBokehSettings:1      ; bokeh simulation when scattering]]
[2021.12.07-02.15.06:419][  0]LogConfig: Setting CVar [[r.DOF.Scatter.MaxSpriteRatio:0.1         ; only a maximum of 10% of scattered bokeh]]
[2021.12.07-02.15.06:419][  0]LogConfig: Setting CVar [[r.DOF.Recombine.Quality:1                ; cheap slight out of focus]]
[2021.12.07-02.15.06:419][  0]LogConfig: Setting CVar [[r.DOF.Recombine.EnableBokehSettings:0    ; no bokeh simulation on slight out of focus]]
[2021.12.07-02.15.06:419][  0]LogConfig: Setting CVar [[r.DOF.TemporalAAQuality:1                ; more stable temporal accumulation]]
[2021.12.07-02.15.06:419][  0]LogConfig: Setting CVar [[r.DOF.Kernel.MaxForegroundRadius:0.025]]
[2021.12.07-02.15.06:419][  0]LogConfig: Setting CVar [[r.DOF.Kernel.MaxBackgroundRadius:0.025]]
[2021.12.07-02.15.06:419][  0]LogConfig: Applying CVar settings from Section [TextureQuality@3] File [../../../FinalProject/Saved/Config/WindowsNoEditor/Scalability.ini]
[2021.12.07-02.15.06:419][  0]LogConfig: Setting CVar [[r.Streaming.MipBias:0]]
[2021.12.07-02.15.06:419][  0]LogConfig: Setting CVar [[r.Streaming.AmortizeCPUToGPUCopy:0]]
[2021.12.07-02.15.06:419][  0]LogConfig: Setting CVar [[r.Streaming.MaxNumTexturesToStreamPerFrame:0]]
[2021.12.07-02.15.06:420][  0]LogConfig: Setting CVar [[r.Streaming.Boost:1]]
[2021.12.07-02.15.06:420][  0]LogConfig: Setting CVar [[r.MaxAnisotropy:8]]
[2021.12.07-02.15.06:420][  0]LogConfig: Setting CVar [[r.VT.MaxAnisotropy:8]]
[2021.12.07-02.15.06:420][  0]LogConfig: Setting CVar [[r.Streaming.LimitPoolSizeToVRAM:0]]
[2021.12.07-02.15.06:420][  0]LogConfig: Setting CVar [[r.Streaming.PoolSize:1000]]
[2021.12.07-02.15.06:420][  0]LogConfig: Setting CVar [[r.Streaming.MaxEffectiveScreenSize:0]]
[2021.12.07-02.15.06:420][  0]LogConfig: Applying CVar settings from Section [EffectsQuality@3] File [../../../FinalProject/Saved/Config/WindowsNoEditor/Scalability.ini]
[2021.12.07-02.15.06:420][  0]LogConfig: Setting CVar [[r.TranslucencyLightingVolumeDim:64]]
[2021.12.07-02.15.06:420][  0]LogConfig: Setting CVar [[r.RefractionQuality:2]]
[2021.12.07-02.15.06:420][  0]LogConfig: Setting CVar [[r.SSR.Quality:3]]
[2021.12.07-02.15.06:420][  0]LogConfig: Setting CVar [[r.SSR.HalfResSceneColor:0]]
[2021.12.07-02.15.06:420][  0]LogConfig: Setting CVar [[r.SceneColorFormat:4]]
[2021.12.07-02.15.06:420][  0]LogConfig: Setting CVar [[r.DetailMode:2]]
[2021.12.07-02.15.06:420][  0]LogConfig: Setting CVar [[r.TranslucencyVolumeBlur:1]]
[2021.12.07-02.15.06:420][  0]LogConfig: Setting CVar [[r.MaterialQualityLevel:1 ; High quality]]
[2021.12.07-02.15.06:420][  0]LogConfig: Setting CVar [[r.AnisotropicMaterials:1]]
[2021.12.07-02.15.06:420][  0]LogConfig: Setting CVar [[r.SSS.Scale:1]]
[2021.12.07-02.15.06:420][  0]LogConfig: Setting CVar [[r.SSS.SampleSet:2]]
[2021.12.07-02.15.06:420][  0]LogConfig: Setting CVar [[r.SSS.Quality:1]]
[2021.12.07-02.15.06:420][  0]LogConfig: Setting CVar [[r.SSS.HalfRes:0]]
[2021.12.07-02.15.06:420][  0]LogConfig: Setting CVar [[r.SSGI.Quality:3]]
[2021.12.07-02.15.06:420][  0]LogConfig: Setting CVar [[r.EmitterSpawnRateScale:1.0]]
[2021.12.07-02.15.06:420][  0]LogConfig: Setting CVar [[r.ParticleLightQuality:2]]
[2021.12.07-02.15.06:420][  0]LogConfig: Setting CVar [[r.SkyAtmosphere.AerialPerspectiveLUT.FastApplyOnOpaque:1 ; Always have FastSkyLUT 1 in this case to avoid wrong sky]]
[2021.12.07-02.15.06:420][  0]LogConfig: Setting CVar [[r.SkyAtmosphere.AerialPerspectiveLUT.SampleCountMaxPerSlice:4]]
[2021.12.07-02.15.06:420][  0]LogConfig: Setting CVar [[r.SkyAtmosphere.AerialPerspectiveLUT.DepthResolution:16.0]]
[2021.12.07-02.15.06:420][  0]LogConfig: Setting CVar [[r.SkyAtmosphere.FastSkyLUT:1]]
[2021.12.07-02.15.06:420][  0]LogConfig: Setting CVar [[r.SkyAtmosphere.FastSkyLUT.SampleCountMin:4.0]]
[2021.12.07-02.15.06:420][  0]LogConfig: Setting CVar [[r.SkyAtmosphere.FastSkyLUT.SampleCountMax:128.0]]
[2021.12.07-02.15.06:420][  0]LogConfig: Setting CVar [[r.SkyAtmosphere.SampleCountMin:4.0]]
[2021.12.07-02.15.06:420][  0]LogConfig: Setting CVar [[r.SkyAtmosphere.SampleCountMax:128.0]]
[2021.12.07-02.15.06:420][  0]LogConfig: Setting CVar [[r.SkyAtmosphere.TransmittanceLUT.UseSmallFormat:0]]
[2021.12.07-02.15.06:420][  0]LogConfig: Setting CVar [[r.SkyAtmosphere.TransmittanceLUT.SampleCount:10.0]]
[2021.12.07-02.15.06:420][  0]LogConfig: Setting CVar [[r.SkyAtmosphere.MultiScatteringLUT.SampleCount:15.0]]
[2021.12.07-02.15.06:420][  0]LogConfig: Setting CVar [[r.SkyLight.RealTimeReflectionCapture:1]]
[2021.12.07-02.15.06:420][  0]LogConfig: Setting CVar [[fx.Niagara.QualityLevel:3]]
[2021.12.07-02.15.06:420][  0]LogConfig: Applying CVar settings from Section [FoliageQuality@3] File [../../../FinalProject/Saved/Config/WindowsNoEditor/Scalability.ini]
[2021.12.07-02.15.06:420][  0]LogConfig: Setting CVar [[foliage.DensityScale:1.0]]
[2021.12.07-02.15.06:420][  0]LogConfig: Setting CVar [[grass.DensityScale:1.0]]
[2021.12.07-02.15.06:420][  0]LogConfig: Applying CVar settings from Section [ShadingQuality@3] File [../../../FinalProject/Saved/Config/WindowsNoEditor/Scalability.ini]
[2021.12.07-02.15.06:420][  0]LogConfig: Setting CVar [[r.HairStrands.SkyLighting.IntegrationType:2]]
[2021.12.07-02.15.06:420][  0]LogConfig: Setting CVar [[r.HairStrands.SkyAO.SampleCount:4]]
[2021.12.07-02.15.06:420][  0]LogConfig: Setting CVar [[r.HairStrands.Visibility.MSAA.SamplePerPixel:4]]
[2021.12.07-02.15.06:420][  0]LogConfig: Applying CVar settings from Section [Startup] File [../../../Engine/Config/ConsoleVariables.ini]
[2021.12.07-02.15.06:420][  0]LogConfig: Setting CVar [[net.UseAdaptiveNetUpdateFrequency:0]]
[2021.12.07-02.15.06:420][  0]LogConfig: Setting CVar [[p.chaos.AllowCreatePhysxBodies:1]]
[2021.12.07-02.15.06:420][  0]LogConfig: Setting CVar [[fx.SkipVectorVMBackendOptimizations:1]]
[2021.12.07-02.15.06:420][  0]LogConfig: Applying CVar settings from Section [ConsoleVariables] File [../../../FinalProject/Saved/Config/WindowsNoEditor/Engine.ini]
[2021.12.07-02.15.06:420][  0]LogInit: Computer: DESKTOP-GO86AAU
[2021.12.07-02.15.06:420][  0]LogInit: User: dania
[2021.12.07-02.15.06:420][  0]LogInit: CPU Page size=4096, Cores=6
[2021.12.07-02.15.06:420][  0]LogInit: High frequency timer resolution =10.000000 MHz
[2021.12.07-02.15.06:420][  0]LogMemory: Memory total: Physical=15.9GB (16GB approx)
[2021.12.07-02.15.06:420][  0]LogMemory: Platform Memory Stats for WindowsNoEditor
[2021.12.07-02.15.06:420][  0]LogMemory: Process Physical Memory: 82.34 MB used, 82.35 MB peak
[2021.12.07-02.15.06:420][  0]LogMemory: Process Virtual Memory: 84.49 MB used, 84.49 MB peak
[2021.12.07-02.15.06:420][  0]LogMemory: Physical Memory: 12077.35 MB used,  4206.75 MB free, 16284.10 MB total
[2021.12.07-02.15.06:420][  0]LogMemory: Virtual Memory: 134206728.00 MB used,  10997.98 MB free, 134217728.00 MB total
[2021.12.07-02.15.06:425][  0]LogWindows: WindowsPlatformFeatures enabled
[2021.12.07-02.15.06:712][  0]LogInit: Physics initialised using underlying interface: PhysX
[2021.12.07-02.15.06:712][  0]LogInit: Using OS detected language (en-US).
[2021.12.07-02.15.06:712][  0]LogInit: Using OS detected locale (en-US).
[2021.12.07-02.15.06:713][  0]LogTextLocalizationManager: No specific localization for 'en-US' exists, so the 'en' localization will be used.
[2021.12.07-02.15.06:892][  0]LogWindowsTextInputMethodSystem: Display: IME system deactivated.
[2021.12.07-02.15.06:917][  0]LogSlate: New Slate User Created.  User Index 0, Is Virtual User: 0
[2021.12.07-02.15.06:917][  0]LogSlate: Slate User Registered.  User Index 0, Is Virtual User: 0
[2021.12.07-02.15.07:127][  0]LogD3D11RHI: Loaded GFSDK_Aftermath_Lib.x64.dll
[2021.12.07-02.15.07:203][  0]LogHMD: Failed to initialize OpenVR with code 108
[2021.12.07-02.15.07:203][  0]LogD3D11RHI: D3D11 min allowed feature level: 11_0
[2021.12.07-02.15.07:203][  0]LogD3D11RHI: D3D11 max allowed feature level: 11_0
[2021.12.07-02.15.07:203][  0]LogD3D11RHI: D3D11 adapters:
[2021.12.07-02.15.07:297][  0]LogD3D11RHI:    0. 'NVIDIA GeForce GTX 1060 with Max-Q Design' (Feature Level 11_0)
[2021.12.07-02.15.07:297][  0]LogD3D11RHI:       6052/0/8142 MB DedicatedVideo/DedicatedSystem/SharedSystem, Outputs:2, VendorId:0x10de
[2021.12.07-02.15.07:313][  0]LogD3D11RHI:    1. 'Intel(R) UHD Graphics 630' (Feature Level 11_0)
[2021.12.07-02.15.07:313][  0]LogD3D11RHI:       128/0/8142 MB DedicatedVideo/DedicatedSystem/SharedSystem, Outputs:0, VendorId:0x8086
[2021.12.07-02.15.07:316][  0]LogD3D11RHI:    2. 'Microsoft Basic Render Driver' (Feature Level 11_0)
[2021.12.07-02.15.07:316][  0]LogD3D11RHI:       0/0/8142 MB DedicatedVideo/DedicatedSystem/SharedSystem, Outputs:0, VendorId:0x1414
[2021.12.07-02.15.07:316][  0]LogD3D11RHI: Chosen D3D11 Adapter:
[2021.12.07-02.15.07:316][  0]LogD3D11RHI:     Description : NVIDIA GeForce GTX 1060 with Max-Q Design
[2021.12.07-02.15.07:316][  0]LogD3D11RHI:     VendorId    : 10de
[2021.12.07-02.15.07:316][  0]LogD3D11RHI:     DeviceId    : 1c20
[2021.12.07-02.15.07:316][  0]LogD3D11RHI:     SubSysId    : 20011a58
[2021.12.07-02.15.07:316][  0]LogD3D11RHI:     Revision    : 00a1
[2021.12.07-02.15.07:316][  0]LogD3D11RHI:     DedicatedVideoMemory : 6345981952 bytes
[2021.12.07-02.15.07:316][  0]LogD3D11RHI:     DedicatedSystemMemory : 0 bytes
[2021.12.07-02.15.07:316][  0]LogD3D11RHI:     SharedSystemMemory : 8537559040 bytes
[2021.12.07-02.15.07:316][  0]LogD3D11RHI:     AdapterLuid : 0 64109
[2021.12.07-02.15.07:326][  0]LogD3D11RHI: Creating new Direct3DDevice
[2021.12.07-02.15.07:326][  0]LogD3D11RHI:     GPU DeviceId: 0x1c20 (for the marketing name, search the web for "GPU Device Id")
[2021.12.07-02.15.07:326][  0]LogWindows: EnumDisplayDevices:
[2021.12.07-02.15.07:326][  0]LogWindows:    0. 'Intel(R) UHD Graphics 630' (P:1 D:1)
[2021.12.07-02.15.07:327][  0]LogWindows:    1. 'Intel(R) UHD Graphics 630' (P:0 D:0)
[2021.12.07-02.15.07:327][  0]LogWindows:    2. 'Intel(R) UHD Graphics 630' (P:0 D:0)
[2021.12.07-02.15.07:327][  0]LogWindows:    3. 'NVIDIA GeForce GTX 1060 with Max-Q Design' (P:0 D:1)
[2021.12.07-02.15.07:327][  0]LogWindows:    4. 'NVIDIA GeForce GTX 1060 with Max-Q Design' (P:0 D:0)
[2021.12.07-02.15.07:328][  0]LogWindows:    5. 'NVIDIA GeForce GTX 1060 with Max-Q Design' (P:0 D:0)
[2021.12.07-02.15.07:328][  0]LogWindows:    6. 'NVIDIA GeForce GTX 1060 with Max-Q Design' (P:0 D:0)
[2021.12.07-02.15.07:328][  0]LogWindows: DebugString: PrimaryIsNotTheChoosenAdapter PrimaryIsNotTheChoosenAdapter PrimaryIsNotTheChoosenAdapter FoundDriverCount:4 
[2021.12.07-02.15.07:328][  0]LogD3D11RHI:     Adapter Name: NVIDIA GeForce GTX 1060 with Max-Q Design
[2021.12.07-02.15.07:328][  0]LogD3D11RHI:   Driver Version: 466.27 (internal:27.21.14.6627, unified:466.27)
[2021.12.07-02.15.07:328][  0]LogD3D11RHI:      Driver Date: 4-23-2021
[2021.12.07-02.15.07:328][  0]LogRHI: Texture pool is 4236 MB (70% of 6052 MB)
[2021.12.07-02.15.07:328][  0]LogD3D11RHI: Creating D3DDevice using adapter:
[2021.12.07-02.15.07:328][  0]LogD3D11RHI:     Description : NVIDIA GeForce GTX 1060 with Max-Q Design
[2021.12.07-02.15.07:328][  0]LogD3D11RHI:     VendorId    : 10de
[2021.12.07-02.15.07:328][  0]LogD3D11RHI:     DeviceId    : 1c20
[2021.12.07-02.15.07:328][  0]LogD3D11RHI:     SubSysId    : 20011a58
[2021.12.07-02.15.07:328][  0]LogD3D11RHI:     Revision    : 00a1
[2021.12.07-02.15.07:328][  0]LogD3D11RHI:     DedicatedVideoMemory : 6345981952 bytes
[2021.12.07-02.15.07:328][  0]LogD3D11RHI:     DedicatedSystemMemory : 0 bytes
[2021.12.07-02.15.07:328][  0]LogD3D11RHI:     SharedSystemMemory : 8537559040 bytes
[2021.12.07-02.15.07:329][  0]LogD3D11RHI:     AdapterLuid : 0 64109
[2021.12.07-02.15.07:406][  0]LogD3D11RHI: RHI has support for 64 bit atomics
[2021.12.07-02.15.07:407][  0]LogD3D11RHI: Async texture creation enabled
[2021.12.07-02.15.07:407][  0]LogD3D11RHI: Array index from any shader is supported
[2021.12.07-02.15.07:434][  0]LogD3D11RHI: GPU Timing Frequency: 1000.000000 (Debug: 2 1)
[2021.12.07-02.15.07:763][  0]LogRHI: GeForceNow SDK initialized: 1
[2021.12.07-02.15.07:763][  0]LogRendererCore: Ray tracing is disabled. Reason: r.RayTracing=0.
[2021.12.07-02.15.07:768][  0]LogShaderLibrary: Display: Using ../../../FinalProject/Content/ShaderArchive-Global-PCD3D_SM5.ushaderbytecode for material shader code. Total 1951 unique shaders.
[2021.12.07-02.15.07:768][  0]LogShaderLibrary: Display: Cooked Context: Using Shared Shader Library Global
[2021.12.07-02.15.07:768][  0]LogShaderLibrary: Display: Logical shader library 'Global' has been created, components 1
[2021.12.07-02.15.07:769][  0]LogTemp: Warning: Clearing the OS Cache
[2021.12.07-02.15.07:769][  0]LogODSC: ODSC Thread active.
[2021.12.07-02.15.07:771][  0]LogPakFile: New pak file ../../../FinalProject/Content/Paks/FinalProject-WindowsNoEditor.pak added to pak precacher.
[2021.12.07-02.15.07:795][  0]LogSlate: Using FreeType 2.10.0
[2021.12.07-02.15.07:795][  0]LogSlate: SlateFontServices - WITH_FREETYPE: 1, WITH_HARFBUZZ: 1
[2021.12.07-02.15.07:864][  0]LogShaderLibrary: Display: Using ../../../FinalProject/Content/ShaderArchive-FinalProject-PCD3D_SM5.ushaderbytecode for material shader code. Total 2710 unique shaders.
[2021.12.07-02.15.07:864][  0]LogShaderLibrary: Display: Cooked Context: Using Shared Shader Library FinalProject
[2021.12.07-02.15.07:864][  0]LogShaderLibrary: Display: Logical shader library 'FinalProject' has been created, components 1
[2021.12.07-02.15.07:864][  0]LogRHI: Display: Opened pipeline cache after state change and enqueued 0 of 0 tasks for precompile.
[2021.12.07-02.15.07:865][  0]LogShaderLibrary: Display: Using ../../../FinalProject/Content/ShaderArchive-FinalProject-PCD3D_SM5.ushaderbytecode for material shader code. Total 2710 unique shaders.
[2021.12.07-02.15.07:865][  0]LogShaderLibrary: Display: Cooked Context: Using Shared Shader Library FinalProject
[2021.12.07-02.15.07:865][  0]LogRHI: Display: Opened pipeline cache after state change and enqueued 0 of 0 tasks for precompile.
[2021.12.07-02.15.07:865][  0]LogRHI: Display: Failed to open default shader pipeline cache for FinalProject using shader platform 0.
[2021.12.07-02.15.07:865][  0]LogInit: Using OS detected language (en-US).
[2021.12.07-02.15.07:865][  0]LogInit: Using OS detected locale (en-US).
[2021.12.07-02.15.07:865][  0]LogTextLocalizationManager: No localization for 'en-US' exists, so 'en' will be used for the language.
[2021.12.07-02.15.07:865][  0]LogTextLocalizationManager: No localization for 'en-US' exists, so 'en' will be used for the locale.
[2021.12.07-02.15.07:865][  0]LogSlate: FontCache flush requested. Reason: Culture for localization was changed
[2021.12.07-02.15.07:865][  0]LogSlate: FontCache flush requested. Reason: Culture for localization was changed
[2021.12.07-02.15.07:867][  0]LogTextLocalizationManager: Compacting localization data took   0.91ms
[2021.12.07-02.15.07:867][  0]LogAssetRegistry: FAssetRegistry took 0.0013 seconds to start up
[2021.12.07-02.15.07:962][  0]LogStreaming: Display: FlushAsyncLoading: 1 QueuedPackages, 0 AsyncPackages
[2021.12.07-02.15.07:963][  0]LogPackageLocalizationCache: Processed 28 localized package path(s) for 1 prioritized culture(s) in 0.000101 seconds
[2021.12.07-02.15.07:969][  0]LogSerialization: Display: AllowBulkDataInIoStore: 'true'
[2021.12.07-02.15.07:969][  0]LogInit: Selected Device Profile: [WindowsNoEditor]
[2021.12.07-02.15.07:969][  0]LogInit: Active device profile: [000002728978AC00][0000027283F324A0 49] WindowsNoEditor
[2021.12.07-02.15.07:969][  0]LogInit: Profiles: [0000027289787D80][0000027288F5DB70 49] Windows, [000002728978AC00][0000027283F324A0 49] WindowsNoEditor, 
[2021.12.07-02.15.07:998][  0]LogNetVersion: FinalProject 1.0.0, NetCL: 17155196, EngineNetVer: 17, GameNetVer: 0 (Checksum: 2450765920)
[2021.12.07-02.15.08:043][  0]LogAudioCaptureCore: Display: No Audio Capture implementations found. Audio input will be silent.
[2021.12.07-02.15.08:043][  0]LogAudioCaptureCore: Display: No Audio Capture implementations found. Audio input will be silent.
[2021.12.07-02.15.08:044][  0]LogHMD: PokeAHoleMaterial loaded successfully
[2021.12.07-02.15.08:103][  0]LogMoviePlayer: Initializing movie player
[2021.12.07-02.15.08:104][  0]LogNiagaraDebuggerClient: Niagara Debugger Client Initialized | Session: 2B09BF914F4A08D96ED422A370C537AB | Instance: 9B0602E2458803CD08AE9CAB22D5FF20 (DESKTOP-GO86AAU-22732).
[2021.12.07-02.15.08:105][  0]LogAndroidPermission: UAndroidPermissionCallbackProxy::GetInstance
[2021.12.07-02.15.08:105][  0]LogOcInput: OculusInput pre-init called
[2021.12.07-02.15.08:109][  0]LogUObjectArray: 16056 objects as part of root set at end of initial load.
[2021.12.07-02.15.08:109][  0]LogUObjectArray: 2 objects are not in the root set, but can never be destroyed because they are in the DisregardForGC set.
[2021.12.07-02.15.08:109][  0]LogUObjectAllocator: 3347064 out of 0 bytes used by permanent object pool.
[2021.12.07-02.15.08:109][  0]LogUObjectArray: CloseDisregardForGC: 16056/16056 objects in disregard for GC pool
[2021.12.07-02.15.08:111][  0]LogEngine: Initializing Engine...
[2021.12.07-02.15.08:188][  0]LogHMD: Failed to initialize OpenVR with code 108
[2021.12.07-02.15.08:249][  0]LogHMD: Optional extension XR_VARJO_quad_views is not available
[2021.12.07-02.15.08:250][  0]LogHMD: Warning: Required extension XR_EXT_eye_gaze_interaction is not available
[2021.12.07-02.15.08:250][  0]LogHMD: Could not enable all required OpenXR extensions for OpenXREyeTracker on current system. This plugin will be loaded but ignored, but will be enabled on a target platform that supports the required extension.
[2021.12.07-02.15.08:292][  0]LogHMD: Failed to create an OpenXR instance, result is XR_ERROR_RUNTIME_FAILURE. Please check if you have an OpenXR runtime installed. The following extensions were enabled:
[2021.12.07-02.15.08:292][  0]LogHMD: - XR_KHR_D3D11_enable
[2021.12.07-02.15.08:292][  0]LogHMD: - XR_KHR_D3D12_enable
[2021.12.07-02.15.08:292][  0]LogHMD: - XR_KHR_opengl_enable
[2021.12.07-02.15.08:292][  0]LogHMD: - XR_KHR_vulkan_enable
[2021.12.07-02.15.08:292][  0]LogHMD: - XR_KHR_composition_layer_depth
[2021.12.07-02.15.08:292][  0]LogHMD: - XR_KHR_visibility_mask
[2021.12.07-02.15.08:292][  0]LogHMD: - XR_EXT_hand_tracking
[2021.12.07-02.15.08:293][  0]LogStats: UGameplayTagsManager::InitializeManager -  0.000 s
[2021.12.07-02.15.08:358][  0]LogInit: Initializing FReadOnlyCVARCache
[2021.12.07-02.15.08:359][  0]LogAudio: Display: Initializing Audio Device Manager...
[2021.12.07-02.15.08:359][  0]LogAudio: Display: Loading Default Audio Settings Objects...
[2021.12.07-02.15.08:360][  0]LogAudio: Display: No default SoundConcurrencyObject specified (or failed to load).
[2021.12.07-02.15.08:360][  0]LogAudio: Display: Audio Device Manager Initialized
[2021.12.07-02.15.08:360][  0]LogAudio: Display: Creating Audio Device:                 Id: 1, Scope: Shared, Realtime: True
[2021.12.07-02.15.08:360][  0]LogAudioMixer: Display: Audio Mixer Platform Settings:
[2021.12.07-02.15.08:360][  0]LogAudioMixer: Display: 	Sample Rate:						  48000
[2021.12.07-02.15.08:360][  0]LogAudioMixer: Display: 	Callback Buffer Frame Size Requested: 1024
[2021.12.07-02.15.08:360][  0]LogAudioMixer: Display: 	Callback Buffer Frame Size To Use:	  1024
[2021.12.07-02.15.08:360][  0]LogAudioMixer: Display: 	Number of buffers to queue:			  2
[2021.12.07-02.15.08:360][  0]LogAudioMixer: Display: 	Max Channels (voices):				  32
[2021.12.07-02.15.08:360][  0]LogAudioMixer: Display: 	Number of Async Source Workers:		  0
[2021.12.07-02.15.08:360][  0]LogAudio: Display: AudioDevice MaxSources: 32
[2021.12.07-02.15.08:360][  0]LogAudio: Display: Audio Spatialization Plugin: None (built-in).
[2021.12.07-02.15.08:360][  0]LogAudio: Display: Audio Reverb Plugin: None (built-in).
[2021.12.07-02.15.08:360][  0]LogAudio: Display: Audio Occlusion Plugin: None (built-in).
[2021.12.07-02.15.08:360][  0]LogAudioMixer: Display: Initializing audio mixer.
[2021.12.07-02.15.08:477][  0]LogAudioDebug: Display: Lib vorbis DLL was dynamically loaded.
[2021.12.07-02.15.08:499][  0]LogAudioMixer: Display: 0: FrontLeft
[2021.12.07-02.15.08:499][  0]LogAudioMixer: Display: 1: FrontRight
[2021.12.07-02.15.08:518][  0]LogAudioMixer: Display: Using Audio Device Speakers (Realtek(R) Audio)
[2021.12.07-02.15.08:519][  0]LogAudioMixer: Display: Initializing Sound Submixes...
[2021.12.07-02.15.08:520][  0]LogAudioMixer: Display: Creating Master Submix 'MasterSubmixDefault'
[2021.12.07-02.15.08:520][  0]LogAudioMixer: Display: Creating Master Submix 'MasterReverbSubmixDefault'
[2021.12.07-02.15.08:521][  0]LogAudioMixer: Display: Creating Master Submix 'MasterEQSubmixDefault'
[2021.12.07-02.15.08:521][  0]LogAudioMixer: FMixerPlatformXAudio2::StartAudioStream() called
[2021.12.07-02.15.08:521][  0]LogAudioMixer: Display: Output buffers initialized: Frames=1024, Channels=2, Samples=2048
[2021.12.07-02.15.08:521][  0]LogAudioMixer: Display: Starting AudioMixerPlatformInterface::RunInternal()
[2021.12.07-02.15.08:521][  0]LogAudioMixer: Display: FMixerPlatformXAudio2::SubmitBuffer() called for the first time
[2021.12.07-02.15.08:521][  0]LogInit: FAudioDevice initialized.
[2021.12.07-02.15.08:522][  0]LogNetVersion: Set ProjectVersion to 1.0.0.0. Version Checksum will be recalculated on next use.
[2021.12.07-02.15.08:522][  0]LogInit: Texture streaming: Enabled
[2021.12.07-02.15.08:529][  0]LogAudio: Display: Audio Device (ID: 1) registered with world 'Untitled'.
[2021.12.07-02.15.08:529][  0]LogSlate: Updating window title bar state: overlay mode, drag disabled, window buttons hidden, title bar hidden
[2021.12.07-02.15.08:530][  0]LogInit: Display: Game Engine Initialized.
[2021.12.07-02.15.08:531][  0]LogInit: Display: Starting Game.
[2021.12.07-02.15.08:531][  0]LogNet: Browse: /Game/Levels/Stadium?Name=Player
[2021.12.07-02.15.08:531][  0]LogLoad: LoadMap: /Game/Levels/Stadium?Name=Player
[2021.12.07-02.15.08:531][  0]LogWorld: BeginTearingDown for /Temp/Untitled_0
[2021.12.07-02.15.08:532][  0]LogWorld: UWorld::CleanupWorld for Untitled, bSessionEnded=true, bCleanupResources=true
[2021.12.07-02.15.08:532][  0]LogSlate: InvalidateAllWidgets triggered.  All widgets were invalidated
[2021.12.07-02.15.08:535][  0]LogAudio: Display: Audio Device unregistered from world 'None'.
[2021.12.07-02.15.08:537][  0]LogUObjectHash: Compacting FUObjectHashTables data took   0.71ms
[2021.12.07-02.15.08:638][  0]LogAudio: Display: Audio Device (ID: 1) registered with world 'Stadium'.
[2021.12.07-02.15.08:639][  0]LogAIModule: Creating AISystem for world Stadium
[2021.12.07-02.15.08:640][  0]LogLoad: Game class is 'FinalProjectGameModeBase'
[2021.12.07-02.15.08:644][  0]LogWorld: Bringing World /Game/Levels/Stadium.Stadium up for play (max tick rate 0) at 2021.12.06-20.15.08
[2021.12.07-02.15.08:645][  0]LogWorld: Bringing up level for play took: 0.004755
[2021.12.07-02.15.08:662][  0]LogLoad: Took 0.130927 seconds to LoadMap(/Game/Levels/Stadium)
[2021.12.07-02.15.08:740][  0]LogSlate: Took 0.000254 seconds to synchronously load lazily loaded font '../../../Engine/Content/Slate/Fonts/Roboto-Regular.ttf' (155K)
[2021.12.07-02.15.08:776][  0]LogRenderer: Reallocating scene render targets to support 1920x1080 Format 10 NumSamples 1 (Frame:1).
[2021.12.07-02.15.08:776][  0]LogRHI: Display: ShaderPipelineCache: Paused Batching. 1
[2021.12.07-02.15.08:776][  0]LogPakFile: AllPaks IndexSizes: DirectoryHashSize=416816, PathHashSize=16, EntriesSize=65536, TotalSize=482368
[2021.12.07-02.15.08:776][  0]LogRHI: Display: ShaderPipelineCache: Resumed Batching. 0
[2021.12.07-02.15.08:776][  0]LogRHI: Display: ShaderPipelineCache: Batching Resumed.
[2021.12.07-02.15.08:776][  0]LogInit: Display: Engine is initialized. Leaving FEngineLoop::Init()
[2021.12.07-02.15.08:776][  0]LogLoad: (Engine Initialization) Total time: 4.57 seconds
[2021.12.07-02.15.08:789][  0]LogContentStreaming: Texture pool size now 1000 MB
[2021.12.07-02.15.08:790][  0]LogSlate: InvalidateAllWidgets triggered.  All widgets were invalidated
[2021.12.07-02.15.08:838][  0]LogRenderer: Reallocating scene render targets to support 128x128 Format 10 NumSamples 1 (Frame:1).
[2021.12.07-02.15.08:866][  0]LogRenderer: Reallocating scene render targets to support 1920x1080 Format 10 NumSamples 1 (Frame:2).
[2021.12.07-02.15.08:892][  0]LogSlate: Slate font cache was flushed
[2021.12.07-02.15.08:897][  1]LogSlate: Took 0.000333 seconds to synchronously load lazily loaded font '../../../Engine/Content/Slate/Fonts/Roboto-Regular.ttf' (155K)
[2021.12.07-02.15.27:295][130]LogCharacterMovement: PlayerCharacterBP_C_2147482524 is stuck and failed to move! Velocity: X=598.96 Y=35.29 Z=0.00 Location: X=1760.91 Y=-442.74 Z=46.92 Normal: X=-1.00 Y=-0.03 Z=-0.00 PenetrationDepth:22.533 Actor:SoccerBallBP_30 Component:StaticMeshComponent BoneName:None (0 other events since notify)
[2021.12.07-02.15.55:802][498]LogWindowsDesktop: Alt-F4 pressed!
[2021.12.07-02.15.55:802][498]LogSlate: Request Window 'FinalProject (64-bit Development PCD3D_SM5) ' being destroyed
[2021.12.07-02.15.55:816][498]LogSlate: Window 'FinalProject (64-bit Development PCD3D_SM5) ' being destroyed
[2021.12.07-02.15.55:817][498]LogWindowsTextInputMethodSystem: Display: IME system deactivated.
[2021.12.07-02.15.55:824][498]LogSlate: Updating window title bar state: overlay mode, drag disabled, window buttons hidden, title bar hidden
[2021.12.07-02.15.55:824][498]LogEngine: All Windows Closed
[2021.12.07-02.15.55:824][498]LogWindows: FPlatformMisc::RequestExit(0)
[2021.12.07-02.15.55:824][498]LogWindows: FPlatformMisc::RequestExitWithStatus(0, 0)
[2021.12.07-02.15.55:824][498]LogCore: Engine exit requested (reason: Win RequestExit)
[2021.12.07-02.15.55:824][499]LogCore: Engine exit requested (reason: EngineExit() was called; note: exit was already requested)
[2021.12.07-02.15.55:825][499]LogInit: Display: PreExit Game.
[2021.12.07-02.15.55:837][499]LogWorld: BeginTearingDown for /Game/Levels/Stadium
[2021.12.07-02.15.55:838][499]LogWorld: UWorld::CleanupWorld for Stadium, bSessionEnded=true, bCleanupResources=true
[2021.12.07-02.15.55:840][499]LogSlate: InvalidateAllWidgets triggered.  All widgets were invalidated
[2021.12.07-02.15.56:320][499]LogAudio: Display: Beginning Audio Device Manager Shutdown (Module: AudioMixerXAudio2)...
[2021.12.07-02.15.56:320][499]LogAudio: Display: Destroying 1 Remaining Audio Device(s)...
[2021.12.07-02.15.56:320][499]LogAudio: Display: Audio Device unregistered from world 'Stadium'.
[2021.12.07-02.15.56:348][499]LogAudioMixer: FMixerPlatformXAudio2::StopAudioStream() called
[2021.12.07-02.15.56:348][499]LogAudioMixer: FMixerPlatformXAudio2::StopAudioStream() called
[2021.12.07-02.15.56:354][499]LogAudio: Display: Audio Device Manager Shutdown
[2021.12.07-02.15.56:356][499]LogExit: Preparing to exit.
[2021.12.07-02.15.56:356][499]LogMoviePlayer: Shutting down movie player
[2021.12.07-02.15.56:359][499]LogSlate: Updating window title bar state: overlay mode, drag disabled, window buttons hidden, title bar hidden
[2021.12.07-02.15.56:363][499]LogDemo: Cleaned up 0 splitscreen connections with owner deletion
[2021.12.07-02.15.56:364][499]LogExit: Game engine shut down
[2021.12.07-02.15.56:387][499]LogExit: Object subsystem successfully closed.
[2021.12.07-02.15.56:394][499]LogModuleManager: Shutting down and abandoning module AutomationController (364)
[2021.12.07-02.15.56:394][499]LogModuleManager: Shutting down and abandoning module AutomationWorker (362)
[2021.12.07-02.15.56:394][499]LogModuleManager: Shutting down and abandoning module Voice (360)
[2021.12.07-02.15.56:394][499]LogModuleManager: Shutting down and abandoning module AIModule (358)
[2021.12.07-02.15.56:394][499]LogModuleManager: Shutting down and abandoning module GameplayDebugger (357)
[2021.12.07-02.15.56:394][499]LogModuleManager: Shutting down and abandoning module NavigationSystem (355)
[2021.12.07-02.15.56:394][499]LogModuleManager: Shutting down and abandoning module WebMMediaFactory (352)
[2021.12.07-02.15.56:394][499]LogModuleManager: Shutting down and abandoning module WebMMedia (350)
[2021.12.07-02.15.56:394][499]LogModuleManager: Shutting down and abandoning module OpenXRInput (348)
[2021.12.07-02.15.56:394][499]LogModuleManager: Shutting down and abandoning module OculusMR (346)
[2021.12.07-02.15.56:394][499]LogModuleManager: Shutting down and abandoning module WmfMediaFactory (344)
[2021.12.07-02.15.56:394][499]LogModuleManager: Shutting down and abandoning module OpenExrWrapper (342)
[2021.12.07-02.15.56:394][499]LogModuleManager: Shutting down and abandoning module ImgMediaFactory (340)
[2021.12.07-02.15.56:394][499]LogModuleManager: Shutting down and abandoning module AvfMediaFactory (338)
[2021.12.07-02.15.56:394][499]LogModuleManager: Shutting down and abandoning module CharacterAI (336)
[2021.12.07-02.15.56:394][499]LogModuleManager: Shutting down and abandoning module PlanarCut (334)
[2021.12.07-02.15.56:394][499]LogModuleManager: Shutting down and abandoning module SessionServices (332)
[2021.12.07-02.15.56:394][499]LogModuleManager: Shutting down and abandoning module LiveCoding (330)
[2021.12.07-02.15.56:395][499]LogModuleManager: Shutting down and abandoning module LevelSequence (328)
[2021.12.07-02.15.56:395][499]LogModuleManager: Shutting down and abandoning module MovieSceneTracks (326)
[2021.12.07-02.15.56:395][499]LogModuleManager: Shutting down and abandoning module MovieScene (324)
[2021.12.07-02.15.56:395][499]LogModuleManager: Shutting down and abandoning module StreamingPauseRendering (322)
[2021.12.07-02.15.56:395][499]LogModuleManager: Shutting down and abandoning module AudioMixerXAudio2 (320)
[2021.12.07-02.15.56:395][499]LogModuleManager: Shutting down and abandoning module AudioMixerCore (319)
[2021.12.07-02.15.56:395][499]LogModuleManager: Shutting down and abandoning module ImageWriteQueue (316)
[2021.12.07-02.15.56:396][499]LogModuleManager: Shutting down and abandoning module ProfilerService (314)
[2021.12.07-02.15.56:441][499]LogModuleManager: Shutting down and abandoning module TaskGraph (312)
[2021.12.07-02.15.56:441][499]LogModuleManager: Shutting down and abandoning module Synthesis (310)
[2021.12.07-02.15.56:441][499]LogModuleManager: Shutting down and abandoning module LiveLinkMovieScene (308)
[2021.12.07-02.15.56:441][499]LogModuleManager: Shutting down and abandoning module LiveLinkComponents (306)
[2021.12.07-02.15.56:441][499]LogModuleManager: Shutting down and abandoning module LiveLink (304)
[2021.12.07-02.15.57:134][499]LogModuleManager: Shutting down and abandoning module OculusInput (302)
[2021.12.07-02.15.57:134][499]LogModuleManager: Shutting down and abandoning module MobilePatchingUtils (300)
[2021.12.07-02.15.57:134][499]LogModuleManager: Shutting down and abandoning module GooglePAD (298)
[2021.12.07-02.15.57:134][499]LogModuleManager: Shutting down and abandoning module CustomMeshComponent (296)
[2021.12.07-02.15.57:134][499]LogModuleManager: Shutting down and abandoning module CableComponent (294)
[2021.12.07-02.15.57:134][499]LogModuleManager: Shutting down and abandoning module AudioCapture (292)
[2021.12.07-02.15.57:134][499]LogModuleManager: Shutting down and abandoning module AudioCaptureRtAudio (291)
[2021.12.07-02.15.57:134][499]LogModuleManager: Shutting down and abandoning module AssetTags (288)
[2021.12.07-02.15.57:134][499]LogModuleManager: Shutting down and abandoning module ArchVisCharacter (286)
[2021.12.07-02.15.57:134][499]LogModuleManager: Shutting down and abandoning module AppleImageUtils (284)
[2021.12.07-02.15.57:134][499]LogModuleManager: Shutting down and abandoning module AndroidPermission (282)
[2021.12.07-02.15.57:134][499]LogModuleManager: Shutting down and abandoning module ActorLayerUtilities (280)
[2021.12.07-02.15.57:134][499]LogModuleManager: Shutting down and abandoning module MediaCompositing (278)
[2021.12.07-02.15.57:134][499]LogModuleManager: Shutting down and abandoning module ImgMedia (276)
[2021.12.07-02.15.57:134][499]LogModuleManager: Shutting down and abandoning module MagicLeapLightEstimation (274)
[2021.12.07-02.15.57:134][499]LogModuleManager: Shutting down and abandoning module MagicLeapHelperVulkan (272)
[2021.12.07-02.15.57:134][499]LogModuleManager: Shutting down and abandoning module MagicLeapHelperOpenGL (270)
[2021.12.07-02.15.57:134][499]LogModuleManager: Shutting down and abandoning module MagicLeapAudio (268)
[2021.12.07-02.15.57:134][499]LogModuleManager: Shutting down and abandoning module MagicLeapSharedWorld (266)
[2021.12.07-02.15.57:134][499]LogModuleManager: Shutting down and abandoning module OpenImageDenoise (264)
[2021.12.07-02.15.57:134][499]LogModuleManager: Shutting down and abandoning module MotoSynth (262)
[2021.12.07-02.15.57:134][499]LogModuleManager: Shutting down and abandoning module ChaosNiagara (260)
[2021.12.07-02.15.57:134][499]LogModuleManager: Shutting down and abandoning module ProceduralMeshComponent (258)
[2021.12.07-02.15.57:134][499]LogModuleManager: Shutting down and abandoning module GeometryCollectionTracks (256)
[2021.12.07-02.15.57:134][499]LogModuleManager: Shutting down and abandoning module EditableMesh (254)
[2021.12.07-02.15.57:134][499]LogModuleManager: Shutting down and abandoning module MeshConversion (252)
[2021.12.07-02.15.57:134][499]LogModuleManager: Shutting down and abandoning module DynamicMesh (250)
[2021.12.07-02.15.57:134][499]LogModuleManager: Shutting down and abandoning module GeometryAlgorithms (248)
[2021.12.07-02.15.57:134][499]LogModuleManager: Shutting down and abandoning module GeometricObjects (246)
[2021.12.07-02.15.57:134][499]LogModuleManager: Shutting down and abandoning module BackChannel (244)
[2021.12.07-02.15.57:134][499]LogModuleManager: Shutting down and abandoning module AutomationUtils (242)
[2021.12.07-02.15.57:134][499]LogModuleManager: Shutting down and abandoning module GeometryCacheTracks (240)
[2021.12.07-02.15.57:134][499]LogModuleManager: Shutting down and abandoning module GeometryCache (238)
[2021.12.07-02.15.57:134][499]LogModuleManager: Shutting down and abandoning module UObjectPlugin (236)
[2021.12.07-02.15.57:134][499]LogModuleManager: Shutting down and abandoning module OodleNetworkHandlerComponent (234)
[2021.12.07-02.15.57:134][499]LogModuleManager: Shutting down and abandoning module TemplateSequence (232)
[2021.12.07-02.15.57:134][499]LogModuleManager: Shutting down and abandoning module TakeMovieScene (230)
[2021.12.07-02.15.57:134][499]LogModuleManager: Shutting down and abandoning module MultiUserClientLibrary (228)
[2021.12.07-02.15.57:134][499]LogModuleManager: Shutting down and abandoning module FinalProject (226)
[2021.12.07-02.15.57:134][499]LogModuleManager: Shutting down and abandoning module AudioSynesthesia (224)
[2021.12.07-02.15.57:134][499]LogModuleManager: Shutting down and abandoning module AudioSynesthesiaCore (222)
[2021.12.07-02.15.57:135][499]LogModuleManager: Shutting down and abandoning module SoundFields (220)
[2021.12.07-02.15.57:135][499]LogModuleManager: Shutting down and abandoning module RuntimePhysXCooking (218)
[2021.12.07-02.15.57:135][499]LogModuleManager: Shutting down and abandoning module LocationServicesBPLibrary (214)
[2021.12.07-02.15.57:135][499]LogModuleManager: Shutting down and abandoning module ActorSequence (212)
[2021.12.07-02.15.57:135][499]LogModuleManager: Shutting down and abandoning module UdpMessaging (210)
[2021.12.07-02.15.57:135][499]LogModuleManager: Shutting down and abandoning module TcpMessaging (208)
[2021.12.07-02.15.57:135][499]LogModuleManager: Shutting down and abandoning module ImgMediaEngine (206)
[2021.12.07-02.15.57:135][499]LogModuleManager: Shutting down and abandoning module MagicLeapHandMeshing (204)
[2021.12.07-02.15.57:135][499]LogModuleManager: Shutting down and abandoning module MagicLeapSecureStorage (202)
[2021.12.07-02.15.57:135][499]LogModuleManager: Shutting down and abandoning module MagicLeapPrivileges (200)
[2021.12.07-02.15.57:135][499]LogModuleManager: Shutting down and abandoning module MagicLeapPlanes (198)
[2021.12.07-02.15.57:135][499]LogModuleManager: Shutting down and abandoning module MagicLeapImageTracker (196)
[2021.12.07-02.15.57:135][499]LogModuleManager: Shutting down and abandoning module MagicLeapIdentity (194)
[2021.12.07-02.15.57:135][499]LogModuleManager: Shutting down and abandoning module MagicLeapHandTracking (192)
[2021.12.07-02.15.57:135][499]LogModuleManager: Shutting down and abandoning module MagicLeapEyeTracker (190)
[2021.12.07-02.15.57:135][499]LogModuleManager: Shutting down and abandoning module MagicLeapController (188)
[2021.12.07-02.15.57:135][499]LogModuleManager: Shutting down and abandoning module MagicLeapARPinImpl (186)
[2021.12.07-02.15.57:135][499]LogModuleManager: Shutting down and abandoning module MagicLeapAR (184)
[2021.12.07-02.15.57:135][499]LogModuleManager: Shutting down and abandoning module MagicLeapARPin (182)
[2021.12.07-02.15.57:135][499]LogModuleManager: Shutting down and abandoning module NiagaraAnimNotifies (180)
[2021.12.07-02.15.57:135][499]LogModuleManager: Shutting down and abandoning module Niagara (178)
[2021.12.07-02.15.57:135][499]LogModuleManager: Shutting down and abandoning module SignalProcessing (177)
[2021.12.07-02.15.57:135][499]LogModuleManager: Shutting down and abandoning module NiagaraCore (174)
[2021.12.07-02.15.57:135][499]LogModuleManager: Shutting down and abandoning module FacialAnimation (172)
[2021.12.07-02.15.57:135][499]LogModuleManager: Shutting down and abandoning module SignificanceManager (170)
[2021.12.07-02.15.57:135][499]LogModuleManager: Shutting down and abandoning module AnimationSharing (168)
[2021.12.07-02.15.57:135][499]LogModuleManager: Shutting down and abandoning module GameplayCameras (166)
[2021.12.07-02.15.57:135][499]LogModuleManager: Shutting down and abandoning module LightPropagationVolumeRuntime (164)
[2021.12.07-02.15.57:135][499]LogModuleManager: Shutting down and abandoning module Paper2D (162)
[2021.12.07-02.15.57:135][499]LogModuleManager: Shutting down and abandoning module SQLiteCore (160)
[2021.12.07-02.15.57:135][499]LogModuleManager: Shutting down and abandoning module WindowsMoviePlayer (158)
[2021.12.07-02.15.57:135][499]LogModuleManager: Shutting down and abandoning module WebMMoviePlayer (156)
[2021.12.07-02.15.57:135][499]LogModuleManager: Shutting down and abandoning module NetworkReplayStreaming (154)
[2021.12.07-02.15.57:135][499]LogModuleManager: Shutting down and abandoning module PacketHandler (152)
[2021.12.07-02.15.57:135][499]LogModuleManager: Shutting down and abandoning module ClothingSystemRuntimeNv (150)
[2021.12.07-02.15.57:135][499]LogModuleManager: Shutting down and abandoning module MediaAssets (148)
[2021.12.07-02.15.57:135][499]LogModuleManager: Shutting down and abandoning module Overlay (146)
[2021.12.07-02.15.57:135][499]LogModuleManager: Shutting down and abandoning module FunctionalTesting (144)
[2021.12.07-02.15.57:135][499]LogModuleManager: Shutting down and abandoning module MessageLog (142)
[2021.12.07-02.15.57:135][499]LogModuleManager: Shutting down and abandoning module UMG (140)
[2021.12.07-02.15.57:135][499]LogModuleManager: Shutting down and abandoning module SlateReflector (138)
[2021.12.07-02.15.57:136][499]LogModuleManager: Shutting down and abandoning module Slate (136)
[2021.12.07-02.15.57:136][499]LogModuleManager: Shutting down and abandoning module SlateCore (134)
[2021.12.07-02.15.57:136][499]LogModuleManager: Shutting down and abandoning module MRMesh (132)
[2021.12.07-02.15.57:136][499]LogModuleManager: Shutting down and abandoning module Messaging (130)
[2021.12.07-02.15.57:136][499]LogModuleManager: Shutting down and abandoning module HeadMountedDisplay (128)
[2021.12.07-02.15.57:136][499]LogModuleManager: Shutting down and abandoning module XAudio2 (126)
[2021.12.07-02.15.57:136][499]LogModuleManager: Shutting down and abandoning module Networking (124)
[2021.12.07-02.15.57:136][499]LogModuleManager: Shutting down and abandoning module Core (122)
[2021.12.07-02.15.57:136][499]LogModuleManager: Shutting down and abandoning module FieldSystemEngine (120)
[2021.12.07-02.15.57:136][499]LogModuleManager: Shutting down and abandoning module ImageWrapper (116)
[2021.12.07-02.15.57:137][499]LogModuleManager: Shutting down and abandoning module D3D11RHI (114)
[2021.12.07-02.15.57:137][499]LogModuleManager: Shutting down and abandoning module InputCore (112)
[2021.12.07-02.15.57:137][499]LogModuleManager: Shutting down and abandoning module Settings (110)
[2021.12.07-02.15.57:137][499]LogModuleManager: Shutting down and abandoning module PhysXCooking (108)
[2021.12.07-02.15.57:137][499]LogModuleManager: Shutting down and abandoning module Chaos (106)
[2021.12.07-02.15.57:137][499]LogModuleManager: Shutting down and abandoning module WindowsPlatformFeatures (104)
[2021.12.07-02.15.57:137][499]LogModuleManager: Shutting down and abandoning module GameplayMediaEncoder (103)
[2021.12.07-02.15.57:137][499]LogModuleManager: Shutting down and abandoning module AVEncoder (102)
[2021.12.07-02.15.57:137][499]LogModuleManager: Shutting down and abandoning module SteamVRInputDevice (98)
[2021.12.07-02.15.57:137][499]LogModuleManager: Shutting down and abandoning module SteamVRInput (96)
[2021.12.07-02.15.57:137][499]LogModuleManager: Shutting down and abandoning module SteamVR (94)
[2021.12.07-02.15.57:137][499]LogHMD: Freeing OpenVRDLLHandle.
[2021.12.07-02.15.57:137][499]LogModuleManager: Shutting down and abandoning module OpenXRHandTracking (92)
[2021.12.07-02.15.57:137][499]LogSlate: Slate User Destroyed.  User Index 0, Is Virtual User: 0
[2021.12.07-02.15.57:137][499]LogModuleManager: Shutting down and abandoning module OpenXRAR (90)
[2021.12.07-02.15.57:137][499]LogModuleManager: Shutting down and abandoning module AugmentedReality (89)
[2021.12.07-02.15.57:137][499]LogModuleManager: Shutting down and abandoning module OpenXRHMD (86)
[2021.12.07-02.15.57:137][499]LogModuleManager: Shutting down and abandoning module OpenXREyeTracker (84)
[2021.12.07-02.15.57:137][499]LogModuleManager: Shutting down and abandoning module OculusHMD (82)
[2021.12.07-02.15.57:137][499]LogModuleManager: Shutting down and abandoning module ExampleDeviceProfileSelector (80)
[2021.12.07-02.15.57:137][499]LogModuleManager: Shutting down and abandoning module ChunkDownloader (78)
[2021.12.07-02.15.57:137][499]LogModuleManager: Shutting down and abandoning module LauncherChunkInstaller (76)
[2021.12.07-02.15.57:137][499]LogModuleManager: Shutting down and abandoning module OnlineSubsystem (72)
[2021.12.07-02.15.57:137][499]LogModuleManager: Shutting down and abandoning module HTTP (67)
[2021.12.07-02.15.57:137][499]LogHttp: Display: cleaning up 0 outstanding Http requests.
[2021.12.07-02.15.57:170][499]LogModuleManager: Shutting down and abandoning module SSL (66)
[2021.12.07-02.15.57:170][499]LogModuleManager: Shutting down and abandoning module WmfMedia (62)
[2021.12.07-02.15.57:171][499]LogModuleManager: Shutting down and abandoning module Media (61)
[2021.12.07-02.15.57:171][499]LogModuleManager: Shutting down and abandoning module MediaInfo (60)
[2021.12.07-02.15.57:171][499]LogModuleManager: Shutting down and abandoning module ExrReaderGpu (56)
[2021.12.07-02.15.57:171][499]LogModuleManager: Shutting down and abandoning module MLSDK (54)
[2021.12.07-02.15.57:171][499]LogModuleManager: Shutting down and abandoning module MagicLeap (52)
[2021.12.07-02.15.57:171][499]LogModuleManager: Shutting down and abandoning module NiagaraVertexFactories (50)
[2021.12.07-02.15.57:171][499]LogModuleManager: Shutting down and abandoning module NiagaraShader (48)
[2021.12.07-02.15.57:171][499]LogModuleManager: Shutting down and abandoning module ChaosCloth (46)
[2021.12.07-02.15.57:171][499]LogModuleManager: Shutting down and abandoning module VariantManagerContent (44)
[2021.12.07-02.15.57:171][499]LogModuleManager: Shutting down and abandoning module DatasmithContent (42)
[2021.12.07-02.15.57:171][499]LogModuleManager: Shutting down and abandoning module PixWinPlugin (40)
[2021.12.07-02.15.57:171][499]LogModuleManager: Shutting down and abandoning module AISupportModule (38)
[2021.12.07-02.15.57:171][499]LogModuleManager: Shutting down and abandoning module PlatformCryptoOpenSSL (36)
[2021.12.07-02.15.57:171][499]LogModuleManager: Shutting down and abandoning module PlatformCryptoTypes (34)
[2021.12.07-02.15.57:171][499]LogModuleManager: Shutting down and abandoning module PlatformCrypto (32)
[2021.12.07-02.15.57:171][499]LogModuleManager: Shutting down and abandoning module PythonScriptPluginPreload (30)
[2021.12.07-02.15.57:171][499]LogModuleManager: Shutting down and abandoning module OodleDataCompressionFormat (28)
[2021.12.07-02.15.57:171][499]LogModuleManager: Shutting down and abandoning module RenderCore (26)
[2021.12.07-02.15.57:171][499]LogModuleManager: Shutting down and abandoning module Landscape (24)
[2021.12.07-02.15.57:171][499]LogModuleManager: Shutting down and abandoning module SlateRHIRenderer (22)
[2021.12.07-02.15.57:172][499]LogModuleManager: Shutting down and abandoning module AnimGraphRuntime (20)
[2021.12.07-02.15.57:172][499]LogModuleManager: Shutting down and abandoning module Renderer (18)
[2021.12.07-02.15.57:172][499]LogModuleManager: Shutting down and abandoning module Engine (16)
[2021.12.07-02.15.57:172][499]LogModuleManager: Shutting down and abandoning module CoreUObject (14)
[2021.12.07-02.15.57:172][499]LogModuleManager: Shutting down and abandoning module NetworkFile (12)
[2021.12.07-02.15.57:172][499]LogModuleManager: Shutting down and abandoning module CookedIterativeFile (10)
[2021.12.07-02.15.57:172][499]LogModuleManager: Shutting down and abandoning module StreamingFile (8)
[2021.12.07-02.15.57:172][499]LogModuleManager: Shutting down and abandoning module SandboxFile (6)
[2021.12.07-02.15.57:172][499]LogModuleManager: Shutting down and abandoning module PakFile (4)
[2021.12.07-02.15.57:173][499]LogModuleManager: Shutting down and abandoning module RSA (3)
[2021.12.07-02.15.57:173][499]LogContentStreaming: Display: There are 1 unreleased StreamingManagers
[2021.12.07-02.15.57:173][499]LogD3D11RHI: Shutdown
[2021.12.07-02.15.57:173][499]LogD3D11RHI: CleanupD3DDevice
[2021.12.07-02.15.57:179][499]LogExit: Exiting.
[2021.12.07-02.15.57:189][499]Log file closed, 12/06/21 20:15:57
